TN:
SF:script/DeployDSC.s.sol
FN:14,DeployDSC.run
FNDA:8,DeployDSC.run
DA:18,8
DA:20,8
DA:26,8
DA:28,8
DA:29,8
DA:31,8
DA:32,8
DA:33,8
DA:39,8
DA:40,8
DA:41,8
FNF:1
FNH:1
LF:11
LH:11
BRF:0
BRH:0
end_of_record
TN:
SF:script/HelperConfig.s.sol
FN:26,HelperConfig.
FNDA:0,HelperConfig.
DA:27,0
BRDA:27,0,0,-
BRDA:27,0,1,-
DA:28,0
DA:30,0
FN:34,HelperConfig.getSepoliaEthConfig
FNDA:0,HelperConfig.getSepoliaEthConfig
DA:35,0
FN:45,HelperConfig.getOrCreateAnvilEthConfig
FNDA:0,HelperConfig.getOrCreateAnvilEthConfig
DA:46,0
BRDA:46,1,0,-
BRDA:46,1,1,-
DA:47,0
DA:49,0
DA:50,0
DA:54,0
DA:56,0
DA:60,0
DA:61,0
DA:63,0
FNF:3
FNH:0
LF:13
LH:0
BRF:4
BRH:0
end_of_record
TN:
SF:src/DSCEngine.sol
FN:98,DSCEngine.moreThanZero
FNDA:0,DSCEngine.moreThanZero
DA:99,0
BRDA:99,0,0,-
BRDA:99,0,1,-
DA:100,0
FN:105,DSCEngine.isAllowedToken
FNDA:4,DSCEngine.isAllowedToken
DA:106,4
BRDA:106,1,0,1
BRDA:106,1,1,3
DA:107,1
FN:115,DSCEngine.
FNDA:9,DSCEngine.
DA:121,8
BRDA:121,2,0,3
BRDA:121,2,1,3
DA:122,3
DA:125,3
DA:126,5
DA:127,4
DA:129,5
FN:143,DSCEngine.depositCollateralAndMintDsc
FNDA:0,DSCEngine.depositCollateralAndMintDsc
DA:148,0
DA:149,0
FN:157,DSCEngine.depositCollateral
FNDA:5,DSCEngine.depositCollateral
DA:166,3
DA:169,3
DA:174,3
DA:179,3
BRDA:179,3,0,-
BRDA:179,3,1,3
DA:180,0
FN:190,DSCEngine.redeemCollateralForDsc
FNDA:0,DSCEngine.redeemCollateralForDsc
DA:195,0
DA:196,0
FN:204,DSCEngine.redeemCollateral
FNDA:0,DSCEngine.redeemCollateral
DA:208,0
DA:214,0
FN:222,DSCEngine.mintDsc
FNDA:1,DSCEngine.mintDsc
DA:225,1
DA:227,1
DA:228,1
DA:229,1
BRDA:229,4,0,-
BRDA:229,4,1,1
DA:230,0
FN:236,DSCEngine.burnDsc
FNDA:0,DSCEngine.burnDsc
DA:237,0
DA:238,0
FN:264,DSCEngine.liquidate
FNDA:0,DSCEngine.liquidate
DA:270,0
DA:271,0
BRDA:271,5,0,-
BRDA:271,5,1,-
DA:272,0
DA:280,0
DA:290,0
DA:292,0
DA:295,0
DA:297,0
DA:298,0
BRDA:298,6,0,-
BRDA:298,6,1,-
DA:299,0
DA:303,0
FN:306,DSCEngine.getHealthFactor
FNDA:0,DSCEngine.getHealthFactor
FN:315,DSCEngine._burnDsc
FNDA:0,DSCEngine._burnDsc
DA:320,0
DA:321,0
DA:327,0
BRDA:327,7,0,-
BRDA:327,7,1,-
DA:328,0
DA:330,0
FN:333,DSCEngine._redeemCollateral
FNDA:0,DSCEngine._redeemCollateral
DA:339,0
DA:340,0
DA:347,0
DA:351,0
BRDA:351,8,0,-
BRDA:351,8,1,-
DA:352,0
FN:356,DSCEngine._getAccountInformation
FNDA:2,DSCEngine._getAccountInformation
DA:363,2
DA:364,2
FN:371,DSCEngine._healthFactor
FNDA:1,DSCEngine._healthFactor
DA:374,1
DA:377,1
DA:378,1
DA:386,1
FN:391,DSCEngine._revertIfHealthFactorIsBroken
FNDA:1,DSCEngine._revertIfHealthFactorIsBroken
DA:392,1
DA:393,1
BRDA:393,9,0,-
BRDA:393,9,1,1
DA:394,0
FN:401,DSCEngine.getTokenAmountFromUsd
FNDA:2,DSCEngine.getTokenAmountFromUsd
DA:408,2
DA:411,2
DA:413,2
DA:414,2
FN:418,DSCEngine.getAccountCollateralValue
FNDA:0,DSCEngine.getAccountCollateralValue
DA:423,2
DA:424,4
DA:425,4
DA:426,4
DA:428,0
FN:431,DSCEngine.getUsdValue
FNDA:1,DSCEngine.getUsdValue
DA:435,5
DA:438,5
DA:441,5
DA:442,5
FN:445,DSCEngine.getAccountInformation
FNDA:1,DSCEngine.getAccountInformation
DA:452,1
FN:455,DSCEngine.getDSCMinted
FNDA:1,DSCEngine.getDSCMinted
DA:456,1
FNF:21
FNH:11
LF:73
LH:38
BRF:20
BRH:7
end_of_record
TN:
SF:src/DecentralizedStableCoin.sol
FN:46,DecentralizedStableCoin.
FNDA:0,DecentralizedStableCoin.
FN:48,DecentralizedStableCoin.burn
FNDA:0,DecentralizedStableCoin.burn
DA:49,0
DA:50,0
BRDA:50,0,0,-
BRDA:50,0,1,-
DA:51,0
DA:53,0
BRDA:53,1,0,-
BRDA:53,1,1,-
DA:54,0
DA:56,0
FN:59,DecentralizedStableCoin.mint
FNDA:1,DecentralizedStableCoin.mint
DA:63,1
BRDA:63,2,0,-
BRDA:63,2,1,1
DA:64,0
DA:66,1
BRDA:66,3,0,-
BRDA:66,3,1,1
DA:67,0
DA:69,1
DA:70,1
FNF:3
FNH:1
LF:12
LH:4
BRF:8
BRH:2
end_of_record
TN:
SF:test/mocks/MockV3Aggregator.sol
FN:24,MockV3Aggregator.
FNDA:0,MockV3Aggregator.
DA:25,0
DA:26,0
FN:29,MockV3Aggregator.updateAnswer
FNDA:0,MockV3Aggregator.updateAnswer
DA:30,0
DA:31,0
DA:32,0
DA:33,0
DA:34,0
DA:35,0
FN:38,MockV3Aggregator.updateRoundData
FNDA:0,MockV3Aggregator.updateRoundData
DA:44,0
DA:45,0
DA:46,0
DA:47,0
DA:48,0
DA:49,0
FN:52,MockV3Aggregator.getRoundData
FNDA:0,MockV3Aggregator.getRoundData
DA:65,0
FN:74,MockV3Aggregator.latestRoundData
FNDA:7,MockV3Aggregator.latestRoundData
DA:85,7
FN:94,MockV3Aggregator.description
FNDA:0,MockV3Aggregator.description
DA:95,0
FNF:6
FNH:1
LF:17
LH:1
BRF:0
BRH:0
end_of_record
